Arguments: 
  /usr/local/Cellar/node@12/12.22.11/bin/node /usr/local/bin/yarn

PATH: 
  /usr/local/bin:/usr/bin:/bin:/usr/sbin:/sbin:/Library/Apple/usr/bin:/Users/d.suharev/PhpstormProjects/backstopjs/node_modules/.bin:/Users/d.suharev/Library/Android/sdk/emulator:/Users/d.suharev/Library/Android/sdk/tools:/Users/d.suharev/Library/Android/sdk/tools/bin:/Users/d.suharev/Library/Android/sdk/platform-tools

Yarn version: 
  1.22.10

Node version: 
  12.22.11

Platform: 
  darwin x64

Trace: 
  SyntaxError: /Users/d.suharev/PhpstormProjects/backstopjs/package.json: Unexpected token , in JSON at position 275
      at JSON.parse (<anonymous>)
      at /usr/local/lib/node_modules/yarn/lib/cli.js:1625:59
      at Generator.next (<anonymous>)
      at step (/usr/local/lib/node_modules/yarn/lib/cli.js:310:30)
      at /usr/local/lib/node_modules/yarn/lib/cli.js:321:13

npm manifest: 
  {
    "name": "backstopjs",
    "version": "1.0.0",
    "description": "",
    "main": "index.js",
    "scripts": {
      "test": "echo \"Error: no test specified\" && exit 1"
    },
    "keywords": [],
    "author": "",
    "license": "ISC",
    "dependencies": {
      "backstopjs": "^5.0.2"
    }
  },

yarn manifest: 
  No manifest

Lockfile: 
  No lockfile
